<?xml version="1.0" encoding="UTF-8"?>
<!-- Generated by org.testng.reporters.JUnitReportReporter -->
<testsuite skipped="0" hostname="LAPTOP-SV8R383S" name="tests.TC_signup" tests="5" failures="0" timestamp="2021-07-26T11:49:11 IST" time="17.046" errors="0">
  <testcase name="phone_Negative_Scenario" time="3.453" classname="tests.TC_signup"/>
  <system-out/>
  <testcase name="phone_Negative_Scenario" time="2.731" classname="tests.TC_signup"/>
  <system-out/>
  <testcase name="phone_Negative_Scenario" time="3.148" classname="tests.TC_signup"/>
  <system-out/>
  <testcase name="phone_Negative_Scenario" time="4.087" classname="tests.TC_signup"/>
  <system-out/>
  <testcase name="phone_Negative_Scenario" time="3.627" classname="tests.TC_signup"/>
  <system-out/>
</testsuite> <!-- tests.TC_signup -->
