<?xml version="1.0" encoding="UTF-8"?>
<!-- Generated by org.testng.reporters.JUnitReportReporter -->
<testsuite skipped="0" hostname="LAPTOP-SV8R383S" name="tests.TC_signupPositive" tests="2" failures="0" timestamp="2021-07-26T11:49:11 IST" time="6.595" errors="0">
  <testcase name="email_Negative_Scenario" time="2.964" classname="tests.TC_signupPositive"/>
  <system-out/>
  <testcase name="test_Signup_positive_flow" time="3.631" classname="tests.TC_signupPositive"/>
  <system-out/>
</testsuite> <!-- tests.TC_signupPositive -->
